Use_InAppConsentSDK/Use_SDK_aar/manifest-merger-release-report.txt
-- Merging decision tree log ---
manifest
ADDED from AndroidManifest.xml:2:1
	xmlns:android
		ADDED from AndroidManifest.xml:2:11
	package
		ADDED from AndroidManifest.xml:3:5
		INJECTED from AndroidManifest.xml:0:0
		INJECTED from AndroidManifest.xml:0:0
	android:versionName
		INJECTED from AndroidManifest.xml:0:0
		INJECTED from AndroidManifest.xml:0:0
	android:versionCode
		INJECTED from AndroidManifest.xml:0:0
		INJECTED from AndroidManifest.xml:0:0
application
ADDED from AndroidManifest.xml:5:5
MERGED from com.android.support:appcompat-v7:21.0.3:16:5
MERGED from com.android.support:support-v4:21.0.3:16:5
MERGED from com.google.android.gms:play-services:6.5.87:20:5
MERGED from com.android.support:support-v4:21.0.3:16:5
MERGED from com.ghostery.privacy.inappconsentsdk:inappnotice::17:5
	android:label
		ADDED from AndroidManifest.xml:8:9
	android:allowBackup
		ADDED from AndroidManifest.xml:6:9
	android:icon
		ADDED from AndroidManifest.xml:7:9
	android:theme
		ADDED from AndroidManifest.xml:9:9
	android:name
		ADDED from com.ghostery.privacy.inappconsentsdk:inappnotice::18:9
activity#com.ghostery.privacy.use_inappnotice_aar.MainActivity
ADDED from AndroidManifest.xml:10:9
	android:label
		ADDED from AndroidManifest.xml:12:13
	android:name
		ADDED from AndroidManifest.xml:11:13
intent-filter#android.intent.action.MAIN+android.intent.category.LAUNCHER
ADDED from AndroidManifest.xml:13:13
action#android.intent.action.MAIN
ADDED from AndroidManifest.xml:14:17
	android:name
		ADDED from AndroidManifest.xml:14:25
category#android.intent.category.LAUNCHER
ADDED from AndroidManifest.xml:16:17
	android:name
		ADDED from AndroidManifest.xml:16:27
activity#com.ghostery.privacy.common.app.SplashScreen
ADDED from AndroidManifest.xml:20:9
	android:screenOrientation
		ADDED from AndroidManifest.xml:25:13
	android:label
		ADDED from AndroidManifest.xml:22:13
	android:multiprocess
		ADDED from AndroidManifest.xml:24:13
	android:theme
		ADDED from AndroidManifest.xml:26:13
	android:name
		ADDED from AndroidManifest.xml:21:13
	android:launchMode
		ADDED from AndroidManifest.xml:23:13
intent-filter#android.intent.action.VIEW+android.intent.category.BROWSABLE+android.intent.category.DEFAULT
ADDED from AndroidManifest.xml:27:13
data
ADDED from AndroidManifest.xml:28:17
	android:scheme
		ADDED from AndroidManifest.xml:28:23
action#android.intent.action.VIEW
ADDED from AndroidManifest.xml:29:17
	android:name
		ADDED from AndroidManifest.xml:29:25
category#android.intent.category.DEFAULT
ADDED from AndroidManifest.xml:30:17
	android:name
		ADDED from AndroidManifest.xml:30:27
category#android.intent.category.BROWSABLE
ADDED from AndroidManifest.xml:31:17
	android:name
		ADDED from AndroidManifest.xml:31:27
activity#com.ghostery.privacy.common.app.ListActivity
ADDED from AndroidManifest.xml:34:9
	android:screenOrientation
		ADDED from AndroidManifest.xml:39:13
	android:label
		ADDED from AndroidManifest.xml:36:13
	android:multiprocess
		ADDED from AndroidManifest.xml:38:13
	android:name
		ADDED from AndroidManifest.xml:35:13
	android:launchMode
		ADDED from AndroidManifest.xml:37:13
intent-filter#android.intent.action.DEFAULT
ADDED from AndroidManifest.xml:40:13
action#android.intent.action.DEFAULT
ADDED from AndroidManifest.xml:41:17
	android:name
		ADDED from AndroidManifest.xml:41:25
uses-sdk
INJECTED from AndroidManifest.xml:0:0 reason: use-sdk injection requested
MERGED from com.android.support:appcompat-v7:21.0.3:15:5
MERGED from com.android.support:support-v4:21.0.3:15:5
MERGED from com.google.android.gms:play-services:6.5.87:18:5
MERGED from com.android.support:support-v4:21.0.3:15:5
MERGED from com.ghostery.privacy.inappconsentsdk:inappnotice::7:5
	android:targetSdkVersion
		INJECTED from AndroidManifest.xml:0:0
		INJECTED from AndroidManifest.xml:0:0
	android:minSdkVersion
		INJECTED from AndroidManifest.xml:0:0
		INJECTED from AndroidManifest.xml:0:0
meta-data#com.google.android.gms.version
ADDED from com.google.android.gms:play-services:6.5.87:21:9
	android:name
		ADDED from com.google.android.gms:play-services:6.5.87:22:13
	android:value
		ADDED from com.google.android.gms:play-services:6.5.87:23:13
uses-permission#android.permission.INTERNET
ADDED from com.ghostery.privacy.inappconsentsdk:inappnotice::11:5
	android:name
		ADDED from com.ghostery.privacy.inappconsentsdk:inappnotice::11:22
uses-permission#android.permission.ACCESS_NETWORK_STATE
ADDED from com.ghostery.privacy.inappconsentsdk:inappnotice::12:5
	android:name
		ADDED from com.ghostery.privacy.inappconsentsdk:inappnotice::12:22
uses-permission#android.permission.ACCESS_WIFI_STATE
ADDED from com.ghostery.privacy.inappconsentsdk:inappnotice::13:5
	android:name
		ADDED from com.ghostery.privacy.inappconsentsdk:inappnotice::13:22
uses-permission#android.permission.WRITE_INTERNAL_STORAGE
ADDED from com.ghostery.privacy.inappconsentsdk:inappnotice::14:5
	android:name
		ADDED from com.ghostery.privacy.inappconsentsdk:inappnotice::14:22
uses-permission#android.permission.READ_PHONE_STATE
ADDED from com.ghostery.privacy.inappconsentsdk:inappnotice::15:5
	android:name
		ADDED from com.ghostery.privacy.inappconsentsdk:inappnotice::15:22
activity#com.ghostery.privacy.inappconsentsdk.app.SplashScreen
ADDED from com.ghostery.privacy.inappconsentsdk:inappnotice::21:9
	android:screenOrientation
		ADDED from com.ghostery.privacy.inappconsentsdk:inappnotice::26:13
	android:label
		ADDED from com.ghostery.privacy.inappconsentsdk:inappnotice::23:13
	android:multiprocess
		ADDED from com.ghostery.privacy.inappconsentsdk:inappnotice::25:13
	android:theme
		ADDED from com.ghostery.privacy.inappconsentsdk:inappnotice::27:13
	android:name
		ADDED from com.ghostery.privacy.inappconsentsdk:inappnotice::22:13
	android:launchMode
		ADDED from com.ghostery.privacy.inappconsentsdk:inappnotice::24:13
activity#com.ghostery.privacy.inappconsentsdk.app.ListActivity
ADDED from com.ghostery.privacy.inappconsentsdk:inappnotice::37:9
	android:screenOrientation
		ADDED from com.ghostery.privacy.inappconsentsdk:inappnotice::42:13
	android:label
		ADDED from com.ghostery.privacy.inappconsentsdk:inappnotice::39:13
	android:multiprocess
		ADDED from com.ghostery.privacy.inappconsentsdk:inappnotice::41:13
	android:name
		ADDED from com.ghostery.privacy.inappconsentsdk:inappnotice::38:13
	android:launchMode
		ADDED from com.ghostery.privacy.inappconsentsdk:inappnotice::40:13